<?xml version="1.0" encoding="UTF-8"?>
<testsuite name="dev.misskey.mfm.ParserTest" tests="30" skipped="0" failures="0" errors="0" timestamp="2026-04-06T15:11:52" hostname="panta-pc-3.local" time="0.11">
  <properties/>
  <testcase name="link normal()" classname="dev.misskey.mfm.ParserTest" time="0.053"/>
  <testcase name="bold under()" classname="dev.misskey.mfm.ParserTest" time="0.003"/>
  <testcase name="parseSimple text()" classname="dev.misskey.mfm.ParserTest" time="0.004"/>
  <testcase name="link silent()" classname="dev.misskey.mfm.ParserTest" time="0.002"/>
  <testcase name="mention remote()" classname="dev.misskey.mfm.ParserTest" time="0.003"/>
  <testcase name="inline code()" classname="dev.misskey.mfm.ParserTest" time="0.001"/>
  <testcase name="math inline()" classname="dev.misskey.mfm.ParserTest" time="0.001"/>
  <testcase name="center()" classname="dev.misskey.mfm.ParserTest" time="0.003"/>
  <testcase name="url bare()" classname="dev.misskey.mfm.ParserTest" time="0.0"/>
  <testcase name="fn with args()" classname="dev.misskey.mfm.ParserTest" time="0.002"/>
  <testcase name="italic tag()" classname="dev.misskey.mfm.ParserTest" time="0.001"/>
  <testcase name="search()" classname="dev.misskey.mfm.ParserTest" time="0.002"/>
  <testcase name="bold asta()" classname="dev.misskey.mfm.ParserTest" time="0.002"/>
  <testcase name="parseSimple emoji code()" classname="dev.misskey.mfm.ParserTest" time="0.001"/>
  <testcase name="parseSimple hashtag treated as text()" classname="dev.misskey.mfm.ParserTest" time="0.001"/>
  <testcase name="strike wave()" classname="dev.misskey.mfm.ParserTest" time="0.002"/>
  <testcase name="mention local()" classname="dev.misskey.mfm.ParserTest" time="0.001"/>
  <testcase name="codeBlock with lang()" classname="dev.misskey.mfm.ParserTest" time="0.001"/>
  <testcase name="italic asta()" classname="dev.misskey.mfm.ParserTest" time="0.002"/>
  <testcase name="codeBlock basic()" classname="dev.misskey.mfm.ParserTest" time="0.0"/>
  <testcase name="emoji code()" classname="dev.misskey.mfm.ParserTest" time="0.0"/>
  <testcase name="mathBlock()" classname="dev.misskey.mfm.ParserTest" time="0.001"/>
  <testcase name="extract mentions()" classname="dev.misskey.mfm.ParserTest" time="0.005"/>
  <testcase name="fn basic()" classname="dev.misskey.mfm.ParserTest" time="0.001"/>
  <testcase name="url brackets()" classname="dev.misskey.mfm.ParserTest" time="0.0"/>
  <testcase name="toString bold()" classname="dev.misskey.mfm.ParserTest" time="0.002"/>
  <testcase name="bold tag()" classname="dev.misskey.mfm.ParserTest" time="0.0"/>
  <testcase name="plain tag()" classname="dev.misskey.mfm.ParserTest" time="0.001"/>
  <testcase name="toString emoji()" classname="dev.misskey.mfm.ParserTest" time="0.0"/>
  <testcase name="parseSimple plain tag()" classname="dev.misskey.mfm.ParserTest" time="0.0"/>
  <system-out><![CDATA[]]></system-out>
  <system-err><![CDATA[]]></system-err>
</testsuite>
